  Actor.cpp
C:\Nikita\College\CS32\MarbleMadness\MarbleMadness\Actor.cpp(67,83): warning C4244: 'argument': conversion from 'double' to 'int', possible loss of data
C:\Nikita\College\CS32\MarbleMadness\MarbleMadness\Actor.cpp(67,74): warning C4244: 'argument': conversion from 'double' to 'int', possible loss of data
C:\Nikita\College\CS32\MarbleMadness\MarbleMadness\Actor.cpp(71,89): warning C4244: 'argument': conversion from 'double' to 'int', possible loss of data
C:\Nikita\College\CS32\MarbleMadness\MarbleMadness\Actor.cpp(71,80): warning C4244: 'argument': conversion from 'double' to 'int', possible loss of data
C:\Nikita\College\CS32\MarbleMadness\MarbleMadness\Actor.cpp(75,85): warning C4244: 'argument': conversion from 'double' to 'int', possible loss of data
C:\Nikita\College\CS32\MarbleMadness\MarbleMadness\Actor.cpp(75,74): warning C4244: 'argument': conversion from 'double' to 'int', possible loss of data
C:\Nikita\College\CS32\MarbleMadness\MarbleMadness\Actor.cpp(79,87): warning C4244: 'argument': conversion from 'double' to 'int', possible loss of data
C:\Nikita\College\CS32\MarbleMadness\MarbleMadness\Actor.cpp(79,76): warning C4244: 'argument': conversion from 'double' to 'int', possible loss of data
C:\Nikita\College\CS32\MarbleMadness\MarbleMadness\Actor.cpp(101,34): warning C4244: 'argument': conversion from 'double' to 'int', possible loss of data
C:\Nikita\College\CS32\MarbleMadness\MarbleMadness\Actor.cpp(101,26): warning C4244: 'argument': conversion from 'double' to 'int', possible loss of data
C:\Nikita\College\CS32\MarbleMadness\MarbleMadness\Actor.cpp(170,57): warning C4244: 'argument': conversion from 'double' to 'int', possible loss of data
C:\Nikita\College\CS32\MarbleMadness\MarbleMadness\Actor.cpp(170,49): warning C4244: 'argument': conversion from 'double' to 'int', possible loss of data
C:\Nikita\College\CS32\MarbleMadness\MarbleMadness\Actor.cpp(178,53): warning C4244: 'argument': conversion from 'double' to 'int', possible loss of data
C:\Nikita\College\CS32\MarbleMadness\MarbleMadness\Actor.cpp(178,45): warning C4244: 'argument': conversion from 'double' to 'int', possible loss of data
C:\Nikita\College\CS32\MarbleMadness\MarbleMadness\Actor.cpp(241,58): warning C4244: 'argument': conversion from 'double' to 'int', possible loss of data
C:\Nikita\College\CS32\MarbleMadness\MarbleMadness\Actor.cpp(241,50): warning C4244: 'argument': conversion from 'double' to 'int', possible loss of data
C:\Nikita\College\CS32\MarbleMadness\MarbleMadness\Actor.cpp(275,58): warning C4244: 'argument': conversion from 'double' to 'int', possible loss of data
C:\Nikita\College\CS32\MarbleMadness\MarbleMadness\Actor.cpp(275,50): warning C4244: 'argument': conversion from 'double' to 'int', possible loss of data
C:\Nikita\College\CS32\MarbleMadness\MarbleMadness\Actor.cpp(311,43): warning C4244: 'argument': conversion from 'double' to 'int', possible loss of data
C:\Nikita\College\CS32\MarbleMadness\MarbleMadness\Actor.cpp(311,35): warning C4244: 'argument': conversion from 'double' to 'int', possible loss of data
  StudentWorld.cpp
C:\Nikita\College\CS32\MarbleMadness\MarbleMadness\StudentWorld.cpp(40,24): warning C4244: 'initializing': conversion from 'double' to 'int', possible loss of data
C:\Nikita\College\CS32\MarbleMadness\MarbleMadness\StudentWorld.cpp(41,24): warning C4244: 'initializing': conversion from 'double' to 'int', possible loss of data
  Generating Code...
  MarbleMadness.vcxproj -> C:\Nikita\College\CS32\MarbleMadness\Debug\MarbleMadness.exe
